1608405144455	geckodriver	INFO	Listening on 127.0.0.1:49439
1608405144462	mozrunner::runner	INFO	Running command: "/usr/bin/firefox" "--marionette" "-foreground" "-no-remote" "-profile" "/tmp/rust_mozprofileyJbBIQ"
console.warn: SearchSettings: "get: No settings file exists, new profile?" (new Error("", "(unknown module)"))
1608405147716	Marionette	INFO	Listening on port 34507
1608405147802	Marionette	WARN	TLS certificate errors will be ignored for this session
JavaScript error: http://montypython.50webs.com/menu.js, line 1: SyntaxError: expected expression, got '<'
JavaScript error: http://montypython.50webs.com/scripts/Holy_Grail/menu.js, line 1: SyntaxError: expected expression, got '<'
JavaScript error: http://montypython.50webs.com/scripts/Holy_Grail/menu.js, line 1: SyntaxError: expected expression, got '<'
JavaScript error: http://montypython.50webs.com/scripts/Holy_Grail/menu.js, line 1: SyntaxError: expected expression, got '<'
JavaScript error: http://montypython.50webs.com/scripts/Holy_Grail/menu.js, line 1: SyntaxError: expected expression, got '<'
JavaScript error: http://montypython.50webs.com/scripts/Holy_Grail/menu.js, line 1: SyntaxError: expected expression, got '<'
JavaScript error: http://montypython.50webs.com/scripts/Holy_Grail/menu.js, line 1: SyntaxError: expected expression, got '<'
JavaScript error: http://montypython.50webs.com/scripts/Holy_Grail/menu.js, line 1: SyntaxError: expected expression, got '<'
JavaScript error: http://montypython.50webs.com/scripts/Holy_Grail/menu.js, line 1: SyntaxError: expected expression, got '<'
JavaScript error: http://montypython.50webs.com/scripts/Holy_Grail/menu.js, line 1: SyntaxError: expected expression, got '<'
JavaScript error: http://montypython.50webs.com/scripts/Holy_Grail/menu.js, line 1: SyntaxError: expected expression, got '<'
JavaScript error: http://montypython.50webs.com/scripts/Holy_Grail/menu.js, line 1: SyntaxError: expected expression, got '<'
JavaScript error: http://montypython.50webs.com/scripts/Holy_Grail/menu.js, line 1: SyntaxError: expected expression, got '<'
JavaScript error: http://montypython.50webs.com/scripts/Holy_Grail/menu.js, line 1: SyntaxError: expected expression, got '<'
JavaScript error: http://montypython.50webs.com/scripts/Holy_Grail/menu.js, line 1: SyntaxError: expected expression, got '<'
JavaScript error: http://montypython.50webs.com/scripts/Holy_Grail/menu.js, line 1: SyntaxError: expected expression, got '<'
JavaScript error: http://montypython.50webs.com/scripts/Holy_Grail/menu.js, line 1: SyntaxError: expected expression, got '<'
JavaScript error: http://montypython.50webs.com/scripts/Holy_Grail/menu.js, line 1: SyntaxError: expected expression, got '<'
JavaScript error: http://montypython.50webs.com/scripts/Holy_Grail/menu.js, line 1: SyntaxError: expected expression, got '<'
JavaScript error: http://montypython.50webs.com/scripts/Holy_Grail/menu.js, line 1: SyntaxError: expected expression, got '<'
JavaScript error: http://montypython.50webs.com/scripts/Holy_Grail/menu.js, line 1: SyntaxError: expected expression, got '<'
JavaScript error: http://montypython.50webs.com/scripts/Holy_Grail/menu.js, line 1: SyntaxError: expected expression, got '<'
JavaScript error: http://montypython.50webs.com/scripts/Holy_Grail/menu.js, line 1: SyntaxError: expected expression, got '<'
JavaScript error: http://montypython.50webs.com/scripts/Holy_Grail/menu.js, line 1: SyntaxError: expected expression, got '<'
JavaScript error: http://montypython.50webs.com/menu.js, line 1: SyntaxError: expected expression, got '<'
JavaScript error: http://montypython.50webs.com/scripts/Meaning_of_Life/menu.js, line 1: SyntaxError: expected expression, got '<'
JavaScript error: http://montypython.50webs.com/scripts/Meaning_of_Life/menu.js, line 1: SyntaxError: expected expression, got '<'
JavaScript error: http://montypython.50webs.com/scripts/Meaning_of_Life/menu.js, line 1: SyntaxError: expected expression, got '<'
JavaScript error: http://montypython.50webs.com/scripts/Meaning_of_Life/menu.js, line 1: SyntaxError: expected expression, got '<'
JavaScript error: http://montypython.50webs.com/scripts/Meaning_of_Life/menu.js, line 1: SyntaxError: expected expression, got '<'
JavaScript error: http://montypython.50webs.com/scripts/Meaning_of_Life/menu.js, line 1: SyntaxError: expected expression, got '<'
JavaScript error: http://montypython.50webs.com/scripts/Meaning_of_Life/menu.js, line 1: SyntaxError: expected expression, got '<'
JavaScript error: http://montypython.50webs.com/scripts/Meaning_of_Life/menu.js, line 1: SyntaxError: expected expression, got '<'
JavaScript error: http://montypython.50webs.com/scripts/Meaning_of_Life/menu.js, line 1: SyntaxError: expected expression, got '<'
JavaScript error: http://montypython.50webs.com/scripts/Meaning_of_Life/menu.js, line 1: SyntaxError: expected expression, got '<'
JavaScript error: http://montypython.50webs.com/scripts/Meaning_of_Life/menu.js, line 1: SyntaxError: expected expression, got '<'
JavaScript error: http://montypython.50webs.com/scripts/Meaning_of_Life/menu.js, line 1: SyntaxError: expected expression, got '<'
JavaScript error: http://montypython.50webs.com/scripts/Meaning_of_Life/menu.js, line 1: SyntaxError: expected expression, got '<'
JavaScript error: http://montypython.50webs.com/scripts/Meaning_of_Life/menu.js, line 1: SyntaxError: expected expression, got '<'
JavaScript error: http://montypython.50webs.com/scripts/Meaning_of_Life/menu.js, line 1: SyntaxError: expected expression, got '<'
JavaScript error: http://montypython.50webs.com/menu.js, line 1: SyntaxError: expected expression, got '<'
JavaScript error: http://montypython.50webs.com/scripts/Life_of_Brian/menu.js, line 1: SyntaxError: expected expression, got '<'
JavaScript error: http://montypython.50webs.com/scripts/Life_of_Brian/menu.js, line 1: SyntaxError: expected expression, got '<'
JavaScript error: http://montypython.50webs.com/scripts/Life_of_Brian/menu.js, line 1: SyntaxError: expected expression, got '<'
JavaScript error: http://montypython.50webs.com/scripts/Life_of_Brian/menu.js, line 1: SyntaxError: expected expression, got '<'
JavaScript error: http://montypython.50webs.com/scripts/Life_of_Brian/menu.js, line 1: SyntaxError: expected expression, got '<'
JavaScript error: http://montypython.50webs.com/scripts/Life_of_Brian/menu.js, line 1: SyntaxError: expected expression, got '<'
JavaScript error: http://montypython.50webs.com/scripts/Life_of_Brian/menu.js, line 1: SyntaxError: expected expression, got '<'
JavaScript error: http://montypython.50webs.com/scripts/Life_of_Brian/menu.js, line 1: SyntaxError: expected expression, got '<'
JavaScript error: http://montypython.50webs.com/scripts/Life_of_Brian/menu.js, line 1: SyntaxError: expected expression, got '<'
JavaScript error: http://montypython.50webs.com/scripts/Life_of_Brian/menu.js, line 1: SyntaxError: expected expression, got '<'
JavaScript error: http://montypython.50webs.com/scripts/Life_of_Brian/menu.js, line 1: SyntaxError: expected expression, got '<'
JavaScript error: http://montypython.50webs.com/scripts/Life_of_Brian/menu.js, line 1: SyntaxError: expected expression, got '<'
JavaScript error: http://montypython.50webs.com/scripts/Life_of_Brian/menu.js, line 1: SyntaxError: expected expression, got '<'
JavaScript error: http://montypython.50webs.com/scripts/Life_of_Brian/menu.js, line 1: SyntaxError: expected expression, got '<'
JavaScript error: http://montypython.50webs.com/scripts/Life_of_Brian/menu.js, line 1: SyntaxError: expected expression, got '<'
JavaScript error: http://montypython.50webs.com/scripts/Life_of_Brian/menu.js, line 1: SyntaxError: expected expression, got '<'
JavaScript error: http://montypython.50webs.com/scripts/Life_of_Brian/menu.js, line 1: SyntaxError: expected expression, got '<'
JavaScript error: http://montypython.50webs.com/scripts/Life_of_Brian/menu.js, line 1: SyntaxError: expected expression, got '<'
JavaScript error: http://montypython.50webs.com/scripts/Life_of_Brian/menu.js, line 1: SyntaxError: expected expression, got '<'
JavaScript error: http://montypython.50webs.com/scripts/Life_of_Brian/menu.js, line 1: SyntaxError: expected expression, got '<'
JavaScript error: http://montypython.50webs.com/scripts/Life_of_Brian/menu.js, line 1: SyntaxError: expected expression, got '<'
JavaScript error: http://montypython.50webs.com/scripts/Life_of_Brian/menu.js, line 1: SyntaxError: expected expression, got '<'
JavaScript error: http://montypython.50webs.com/scripts/Life_of_Brian/menu.js, line 1: SyntaxError: expected expression, got '<'
JavaScript error: http://montypython.50webs.com/scripts/Life_of_Brian/menu.js, line 1: SyntaxError: expected expression, got '<'
JavaScript error: http://montypython.50webs.com/scripts/Life_of_Brian/menu.js, line 1: SyntaxError: expected expression, got '<'
JavaScript error: http://montypython.50webs.com/scripts/Life_of_Brian/menu.js, line 1: SyntaxError: expected expression, got '<'
JavaScript error: http://montypython.50webs.com/scripts/Life_of_Brian/menu.js, line 1: SyntaxError: expected expression, got '<'
JavaScript error: http://montypython.50webs.com/scripts/Life_of_Brian/menu.js, line 1: SyntaxError: expected expression, got '<'
JavaScript error: http://montypython.50webs.com/scripts/Life_of_Brian/menu.js, line 1: SyntaxError: expected expression, got '<'
JavaScript error: http://montypython.50webs.com/scripts/Life_of_Brian/menu.js, line 1: SyntaxError: expected expression, got '<'
JavaScript error: http://montypython.50webs.com/scripts/Life_of_Brian/menu.js, line 1: SyntaxError: expected expression, got '<'
JavaScript error: http://montypython.50webs.com/scripts/Life_of_Brian/menu.js, line 1: SyntaxError: expected expression, got '<'
JavaScript error: http://montypython.50webs.com/scripts/Life_of_Brian/menu.js, line 1: SyntaxError: expected expression, got '<'
JavaScript error: http://montypython.50webs.com/scripts/Life_of_Brian/menu.js, line 1: SyntaxError: expected expression, got '<'
JavaScript error: http://montypython.50webs.com/scripts/Life_of_Brian/menu.js, line 1: SyntaxError: expected expression, got '<'
JavaScript error: http://montypython.50webs.com/menu.js, line 1: SyntaxError: expected expression, got '<'
JavaScript error: http://montypython.50webs.com/scripts/Series_1/menu.js, line 1: SyntaxError: expected expression, got '<'
JavaScript error: http://montypython.50webs.com/scripts/Series_1/menu.js, line 1: SyntaxError: expected expression, got '<'
JavaScript error: http://montypython.50webs.com/scripts/Series_1/menu.js, line 1: SyntaxError: expected expression, got '<'
JavaScript error: http://montypython.50webs.com/scripts/Series_1/menu.js, line 1: SyntaxError: expected expression, got '<'
JavaScript error: http://montypython.50webs.com/scripts/Series_1/menu.js, line 1: SyntaxError: expected expression, got '<'
JavaScript error: http://montypython.50webs.com/scripts/Series_1/menu.js, line 1: SyntaxError: expected expression, got '<'
JavaScript error: http://montypython.50webs.com/scripts/Series_1/menu.js, line 1: SyntaxError: expected expression, got '<'
JavaScript error: http://montypython.50webs.com/scripts/Series_1/menu.js, line 1: SyntaxError: expected expression, got '<'
JavaScript error: http://montypython.50webs.com/scripts/Series_1/menu.js, line 1: SyntaxError: expected expression, got '<'
JavaScript error: http://montypython.50webs.com/scripts/Series_1/menu.js, line 1: SyntaxError: expected expression, got '<'
JavaScript error: http://montypython.50webs.com/scripts/Series_1/menu.js, line 1: SyntaxError: expected expression, got '<'
JavaScript error: http://montypython.50webs.com/scripts/Series_1/menu.js, line 1: SyntaxError: expected expression, got '<'
JavaScript error: http://montypython.50webs.com/scripts/Series_1/menu.js, line 1: SyntaxError: expected expression, got '<'
JavaScript error: http://montypython.50webs.com/scripts/Series_1/menu.js, line 1: SyntaxError: expected expression, got '<'
JavaScript error: http://montypython.50webs.com/scripts/Series_1/menu.js, line 1: SyntaxError: expected expression, got '<'
JavaScript error: http://montypython.50webs.com/scripts/Series_1/menu.js, line 1: SyntaxError: expected expression, got '<'
JavaScript error: http://montypython.50webs.com/scripts/Series_1/menu.js, line 1: SyntaxError: expected expression, got '<'
JavaScript error: http://montypython.50webs.com/scripts/Series_1/menu.js, line 1: SyntaxError: expected expression, got '<'
JavaScript error: http://montypython.50webs.com/scripts/Series_1/menu.js, line 1: SyntaxError: expected expression, got '<'
JavaScript error: http://montypython.50webs.com/scripts/Series_1/menu.js, line 1: SyntaxError: expected expression, got '<'
JavaScript error: http://montypython.50webs.com/scripts/Series_1/menu.js, line 1: SyntaxError: expected expression, got '<'
JavaScript error: http://montypython.50webs.com/scripts/Series_1/menu.js, line 1: SyntaxError: expected expression, got '<'
JavaScript error: http://montypython.50webs.com/scripts/Series_1/menu.js, line 1: SyntaxError: expected expression, got '<'
JavaScript error: http://montypython.50webs.com/scripts/Series_1/menu.js, line 1: SyntaxError: expected expression, got '<'
JavaScript error: http://montypython.50webs.com/scripts/Series_1/menu.js, line 1: SyntaxError: expected expression, got '<'
JavaScript error: http://montypython.50webs.com/scripts/Series_1/menu.js, line 1: SyntaxError: expected expression, got '<'
JavaScript error: http://montypython.50webs.com/scripts/Series_1/menu.js, line 1: SyntaxError: expected expression, got '<'
JavaScript error: http://montypython.50webs.com/scripts/Series_1/menu.js, line 1: SyntaxError: expected expression, got '<'
JavaScript error: http://montypython.50webs.com/scripts/Series_1/menu.js, line 1: SyntaxError: expected expression, got '<'
JavaScript error: http://montypython.50webs.com/scripts/Series_1/menu.js, line 1: SyntaxError: expected expression, got '<'
1608405202655	Marionette	WARN	Ignoring event 'DOMContentLoaded' because document has an invalid readyState of 'complete'.
JavaScript error: http://montypython.50webs.com/scripts/Series_1/menu.js, line 1: SyntaxError: expected expression, got '<'
JavaScript error: http://montypython.50webs.com/scripts/Series_1/menu.js, line 1: SyntaxError: expected expression, got '<'
JavaScript error: http://montypython.50webs.com/scripts/Series_1/menu.js, line 1: SyntaxError: expected expression, got '<'
JavaScript error: http://montypython.50webs.com/scripts/Series_1/menu.js, line 1: SyntaxError: expected expression, got '<'
JavaScript error: http://montypython.50webs.com/scripts/Series_1/menu.js, line 1: SyntaxError: expected expression, got '<'
1608405204692	Marionette	WARN	Ignoring event 'DOMContentLoaded' because document has an invalid readyState of 'complete'.
JavaScript error: http://montypython.50webs.com/scripts/Series_1/menu.js, line 1: SyntaxError: expected expression, got '<'
JavaScript error: http://montypython.50webs.com/scripts/Series_1/menu.js, line 1: SyntaxError: expected expression, got '<'
JavaScript error: http://montypython.50webs.com/scripts/Series_1/menu.js, line 1: SyntaxError: expected expression, got '<'
JavaScript error: http://montypython.50webs.com/scripts/Series_1/menu.js, line 1: SyntaxError: expected expression, got '<'
JavaScript error: http://montypython.50webs.com/scripts/Series_1/menu.js, line 1: SyntaxError: expected expression, got '<'
1608405206747	Marionette	WARN	Ignoring event 'DOMContentLoaded' because document has an invalid readyState of 'complete'.
JavaScript error: http://montypython.50webs.com/scripts/Series_1/menu.js, line 1: SyntaxError: expected expression, got '<'
JavaScript error: http://montypython.50webs.com/scripts/Series_1/menu.js, line 1: SyntaxError: expected expression, got '<'
JavaScript error: http://montypython.50webs.com/scripts/Series_1/menu.js, line 1: SyntaxError: expected expression, got '<'
JavaScript error: http://montypython.50webs.com/scripts/Series_1/menu.js, line 1: SyntaxError: expected expression, got '<'
JavaScript error: http://montypython.50webs.com/scripts/Series_1/menu.js, line 1: SyntaxError: expected expression, got '<'
JavaScript error: http://montypython.50webs.com/scripts/Series_1/menu.js, line 1: SyntaxError: expected expression, got '<'
JavaScript error: http://montypython.50webs.com/scripts/Series_1/menu.js, line 1: SyntaxError: expected expression, got '<'
JavaScript error: http://montypython.50webs.com/scripts/Series_1/menu.js, line 1: SyntaxError: expected expression, got '<'
JavaScript error: http://montypython.50webs.com/scripts/Series_1/menu.js, line 1: SyntaxError: expected expression, got '<'
JavaScript error: http://montypython.50webs.com/scripts/Series_1/menu.js, line 1: SyntaxError: expected expression, got '<'
1608405211108	Marionette	WARN	Ignoring event 'DOMContentLoaded' because document has an invalid readyState of 'complete'.
JavaScript error: http://montypython.50webs.com/scripts/Series_1/menu.js, line 1: SyntaxError: expected expression, got '<'
JavaScript error: http://montypython.50webs.com/scripts/Series_1/menu.js, line 1: SyntaxError: expected expression, got '<'
JavaScript error: http://montypython.50webs.com/scripts/Series_1/menu.js, line 1: SyntaxError: expected expression, got '<'
JavaScript error: http://montypython.50webs.com/scripts/Series_1/menu.js, line 1: SyntaxError: expected expression, got '<'
JavaScript error: http://montypython.50webs.com/scripts/Series_1/menu.js, line 1: SyntaxError: expected expression, got '<'
JavaScript error: http://montypython.50webs.com/scripts/Series_1/menu.js, line 1: SyntaxError: expected expression, got '<'
JavaScript error: http://montypython.50webs.com/scripts/Series_1/menu.js, line 1: SyntaxError: expected expression, got '<'
JavaScript error: http://montypython.50webs.com/scripts/Series_1/menu.js, line 1: SyntaxError: expected expression, got '<'
JavaScript error: http://montypython.50webs.com/scripts/Series_1/menu.js, line 1: SyntaxError: expected expression, got '<'
JavaScript error: http://montypython.50webs.com/scripts/Series_1/menu.js, line 1: SyntaxError: expected expression, got '<'
JavaScript error: http://montypython.50webs.com/scripts/Series_1/menu.js, line 1: SyntaxError: expected expression, got '<'
JavaScript error: http://montypython.50webs.com/scripts/Series_1/menu.js, line 1: SyntaxError: expected expression, got '<'
JavaScript error: http://montypython.50webs.com/scripts/Series_1/menu.js, line 1: SyntaxError: expected expression, got '<'
JavaScript error: http://montypython.50webs.com/scripts/Series_1/menu.js, line 1: SyntaxError: expected expression, got '<'
JavaScript error: http://montypython.50webs.com/scripts/Series_1/menu.js, line 1: SyntaxError: expected expression, got '<'
JavaScript error: http://montypython.50webs.com/scripts/Series_1/menu.js, line 1: SyntaxError: expected expression, got '<'
JavaScript error: http://montypython.50webs.com/scripts/Series_1/menu.js, line 1: SyntaxError: expected expression, got '<'
JavaScript error: http://montypython.50webs.com/scripts/Series_1/menu.js, line 1: SyntaxError: expected expression, got '<'
JavaScript error: http://montypython.50webs.com/scripts/Series_1/menu.js, line 1: SyntaxError: expected expression, got '<'
JavaScript error: http://montypython.50webs.com/scripts/Series_1/menu.js, line 1: SyntaxError: expected expression, got '<'
JavaScript error: http://montypython.50webs.com/scripts/Series_1/menu.js, line 1: SyntaxError: expected expression, got '<'
JavaScript error: http://montypython.50webs.com/scripts/Series_1/menu.js, line 1: SyntaxError: expected expression, got '<'
JavaScript error: http://montypython.50webs.com/scripts/Series_1/menu.js, line 1: SyntaxError: expected expression, got '<'
JavaScript error: http://montypython.50webs.com/scripts/Series_1/menu.js, line 1: SyntaxError: expected expression, got '<'
JavaScript error: http://montypython.50webs.com/scripts/Series_1/menu.js, line 1: SyntaxError: expected expression, got '<'
JavaScript error: http://montypython.50webs.com/scripts/Series_1/menu.js, line 1: SyntaxError: expected expression, got '<'
JavaScript error: http://montypython.50webs.com/scripts/Series_1/menu.js, line 1: SyntaxError: expected expression, got '<'
JavaScript error: http://montypython.50webs.com/scripts/Series_1/menu.js, line 1: SyntaxError: expected expression, got '<'
JavaScript error: http://montypython.50webs.com/scripts/Series_1/menu.js, line 1: SyntaxError: expected expression, got '<'
JavaScript error: http://montypython.50webs.com/scripts/Series_1/menu.js, line 1: SyntaxError: expected expression, got '<'
JavaScript error: http://montypython.50webs.com/scripts/Series_1/menu.js, line 1: SyntaxError: expected expression, got '<'
JavaScript error: http://montypython.50webs.com/scripts/Series_1/menu.js, line 1: SyntaxError: expected expression, got '<'
JavaScript error: http://montypython.50webs.com/scripts/Series_1/menu.js, line 1: SyntaxError: expected expression, got '<'
JavaScript error: http://montypython.50webs.com/scripts/Series_1/menu.js, line 1: SyntaxError: expected expression, got '<'
JavaScript error: http://montypython.50webs.com/scripts/Series_1/menu.js, line 1: SyntaxError: expected expression, got '<'
JavaScript error: http://montypython.50webs.com/scripts/Series_1/menu.js, line 1: SyntaxError: expected expression, got '<'
1608405231707	Marionette	WARN	Ignoring event 'DOMContentLoaded' because document has an invalid readyState of 'complete'.
JavaScript error: http://montypython.50webs.com/scripts/Series_1/menu.js, line 1: SyntaxError: expected expression, got '<'
JavaScript error: http://montypython.50webs.com/scripts/Series_1/menu.js, line 1: SyntaxError: expected expression, got '<'
JavaScript error: http://montypython.50webs.com/scripts/Series_1/menu.js, line 1: SyntaxError: expected expression, got '<'
JavaScript error: http://montypython.50webs.com/scripts/Series_1/menu.js, line 1: SyntaxError: expected expression, got '<'
JavaScript error: http://montypython.50webs.com/scripts/Series_1/menu.js, line 1: SyntaxError: expected expression, got '<'
JavaScript error: http://montypython.50webs.com/scripts/Series_1/menu.js, line 1: SyntaxError: expected expression, got '<'
JavaScript error: http://montypython.50webs.com/scripts/Series_1/menu.js, line 1: SyntaxError: expected expression, got '<'
JavaScript error: http://montypython.50webs.com/scripts/Series_1/menu.js, line 1: SyntaxError: expected expression, got '<'
1608405235742	Marionette	WARN	Ignoring event 'DOMContentLoaded' because document has an invalid readyState of 'complete'.
JavaScript error: http://montypython.50webs.com/scripts/Series_1/menu.js, line 1: SyntaxError: expected expression, got '<'
JavaScript error: http://montypython.50webs.com/scripts/Series_1/menu.js, line 1: SyntaxError: expected expression, got '<'
JavaScript error: http://montypython.50webs.com/scripts/Series_1/menu.js, line 1: SyntaxError: expected expression, got '<'
JavaScript error: http://montypython.50webs.com/scripts/Series_1/menu.js, line 1: SyntaxError: expected expression, got '<'
JavaScript error: http://montypython.50webs.com/scripts/Series_1/menu.js, line 1: SyntaxError: expected expression, got '<'
JavaScript error: http://montypython.50webs.com/scripts/Series_1/menu.js, line 1: SyntaxError: expected expression, got '<'
JavaScript error: http://montypython.50webs.com/scripts/Series_1/menu.js, line 1: SyntaxError: expected expression, got '<'
JavaScript error: http://montypython.50webs.com/scripts/Series_1/menu.js, line 1: SyntaxError: expected expression, got '<'
JavaScript error: http://montypython.50webs.com/menu.js, line 1: SyntaxError: expected expression, got '<'
JavaScript error: http://montypython.50webs.com/scripts/Series_2/menu.js, line 1: SyntaxError: expected expression, got '<'
JavaScript error: http://montypython.50webs.com/scripts/Series_2/menu.js, line 1: SyntaxError: expected expression, got '<'
JavaScript error: http://montypython.50webs.com/scripts/Series_2/menu.js, line 1: SyntaxError: expected expression, got '<'
JavaScript error: http://montypython.50webs.com/scripts/Series_2/menu.js, line 1: SyntaxError: expected expression, got '<'
JavaScript error: http://montypython.50webs.com/scripts/Series_2/menu.js, line 1: SyntaxError: expected expression, got '<'
JavaScript error: http://montypython.50webs.com/scripts/Series_2/menu.js, line 1: SyntaxError: expected expression, got '<'
JavaScript error: http://montypython.50webs.com/scripts/Series_2/menu.js, line 1: SyntaxError: expected expression, got '<'
JavaScript error: http://montypython.50webs.com/scripts/Series_2/menu.js, line 1: SyntaxError: expected expression, got '<'
JavaScript error: http://montypython.50webs.com/scripts/Series_2/menu.js, line 1: SyntaxError: expected expression, got '<'
JavaScript error: http://montypython.50webs.com/scripts/Series_2/menu.js, line 1: SyntaxError: expected expression, got '<'
JavaScript error: http://montypython.50webs.com/scripts/Series_2/menu.js, line 1: SyntaxError: expected expression, got '<'
JavaScript error: http://montypython.50webs.com/scripts/Series_2/menu.js, line 1: SyntaxError: expected expression, got '<'
JavaScript error: http://montypython.50webs.com/scripts/Series_2/menu.js, line 1: SyntaxError: expected expression, got '<'
JavaScript error: http://montypython.50webs.com/scripts/Series_2/menu.js, line 1: SyntaxError: expected expression, got '<'
JavaScript error: http://montypython.50webs.com/scripts/Series_2/menu.js, line 1: SyntaxError: expected expression, got '<'
JavaScript error: http://montypython.50webs.com/scripts/Series_2/menu.js, line 1: SyntaxError: expected expression, got '<'
1608405255042	Marionette	WARN	Ignoring event 'DOMContentLoaded' because document has an invalid readyState of 'complete'.
JavaScript error: http://montypython.50webs.com/scripts/Series_2/menu.js, line 1: SyntaxError: expected expression, got '<'
JavaScript error: http://montypython.50webs.com/scripts/Series_2/menu.js, line 1: SyntaxError: expected expression, got '<'
JavaScript error: http://montypython.50webs.com/scripts/Series_2/menu.js, line 1: SyntaxError: expected expression, got '<'
JavaScript error: http://montypython.50webs.com/scripts/Series_2/menu.js, line 1: SyntaxError: expected expression, got '<'
JavaScript error: http://montypython.50webs.com/scripts/Series_2/menu.js, line 1: SyntaxError: expected expression, got '<'
JavaScript error: http://montypython.50webs.com/scripts/Series_2/menu.js, line 1: SyntaxError: expected expression, got '<'
JavaScript error: http://montypython.50webs.com/scripts/Series_2/menu.js, line 1: SyntaxError: expected expression, got '<'
JavaScript error: http://montypython.50webs.com/scripts/Series_2/menu.js, line 1: SyntaxError: expected expression, got '<'
JavaScript error: http://montypython.50webs.com/scripts/Series_2/menu.js, line 1: SyntaxError: expected expression, got '<'
JavaScript error: http://montypython.50webs.com/scripts/Series_2/menu.js, line 1: SyntaxError: expected expression, got '<'
JavaScript error: http://montypython.50webs.com/scripts/Series_2/menu.js, line 1: SyntaxError: expected expression, got '<'
JavaScript error: http://montypython.50webs.com/scripts/Series_2/menu.js, line 1: SyntaxError: expected expression, got '<'
JavaScript error: http://montypython.50webs.com/scripts/Series_2/menu.js, line 1: SyntaxError: expected expression, got '<'
JavaScript error: http://montypython.50webs.com/scripts/Series_2/menu.js, line 1: SyntaxError: expected expression, got '<'
JavaScript error: http://montypython.50webs.com/scripts/Series_2/menu.js, line 1: SyntaxError: expected expression, got '<'
JavaScript error: http://montypython.50webs.com/scripts/Series_2/menu.js, line 1: SyntaxError: expected expression, got '<'
JavaScript error: http://montypython.50webs.com/scripts/Series_2/menu.js, line 1: SyntaxError: expected expression, got '<'
JavaScript error: http://montypython.50webs.com/scripts/Series_2/menu.js, line 1: SyntaxError: expected expression, got '<'
JavaScript error: http://montypython.50webs.com/scripts/Series_2/menu.js, line 1: SyntaxError: expected expression, got '<'
JavaScript error: http://montypython.50webs.com/scripts/Series_2/menu.js, line 1: SyntaxError: expected expression, got '<'
JavaScript error: http://montypython.50webs.com/scripts/Series_2/menu.js, line 1: SyntaxError: expected expression, got '<'
JavaScript error: http://montypython.50webs.com/scripts/Series_2/menu.js, line 1: SyntaxError: expected expression, got '<'
JavaScript error: http://montypython.50webs.com/scripts/Series_2/menu.js, line 1: SyntaxError: expected expression, got '<'
JavaScript error: http://montypython.50webs.com/scripts/Series_2/menu.js, line 1: SyntaxError: expected expression, got '<'
1608405266155	Marionette	WARN	Ignoring event 'DOMContentLoaded' because document has an invalid readyState of 'complete'.
JavaScript error: http://montypython.50webs.com/scripts/Series_2/menu.js, line 1: SyntaxError: expected expression, got '<'
JavaScript error: http://montypython.50webs.com/scripts/Series_2/menu.js, line 1: SyntaxError: expected expression, got '<'
JavaScript error: http://montypython.50webs.com/scripts/Series_2/menu.js, line 1: SyntaxError: expected expression, got '<'
JavaScript error: http://montypython.50webs.com/scripts/Series_2/menu.js, line 1: SyntaxError: expected expression, got '<'
JavaScript error: http://montypython.50webs.com/scripts/Series_2/menu.js, line 1: SyntaxError: expected expression, got '<'
JavaScript error: http://montypython.50webs.com/scripts/Series_2/menu.js, line 1: SyntaxError: expected expression, got '<'
JavaScript error: http://montypython.50webs.com/scripts/Series_2/menu.js, line 1: SyntaxError: expected expression, got '<'
JavaScript error: http://montypython.50webs.com/scripts/Series_2/menu.js, line 1: SyntaxError: expected expression, got '<'
JavaScript error: http://montypython.50webs.com/scripts/Series_2/menu.js, line 1: SyntaxError: expected expression, got '<'
JavaScript error: http://montypython.50webs.com/scripts/Series_2/menu.js, line 1: SyntaxError: expected expression, got '<'
JavaScript error: http://montypython.50webs.com/scripts/Series_2/menu.js, line 1: SyntaxError: expected expression, got '<'
JavaScript error: http://montypython.50webs.com/scripts/Series_2/menu.js, line 1: SyntaxError: expected expression, got '<'
JavaScript error: http://montypython.50webs.com/scripts/Series_2/menu.js, line 1: SyntaxError: expected expression, got '<'
1608405272392	Marionette	WARN	Ignoring event 'DOMContentLoaded' because document has an invalid readyState of 'complete'.
JavaScript error: http://montypython.50webs.com/scripts/Series_2/menu.js, line 1: SyntaxError: expected expression, got '<'
JavaScript error: http://montypython.50webs.com/scripts/Series_2/menu.js, line 1: SyntaxError: expected expression, got '<'
1608405272900	Marionette	WARN	Ignoring event 'DOMContentLoaded' because document has an invalid readyState of 'complete'.
JavaScript error: http://montypython.50webs.com/scripts/Series_2/menu.js, line 1: SyntaxError: expected expression, got '<'
JavaScript error: http://montypython.50webs.com/scripts/Series_2/menu.js, line 1: SyntaxError: expected expression, got '<'
JavaScript error: http://montypython.50webs.com/scripts/Series_2/menu.js, line 1: SyntaxError: expected expression, got '<'
JavaScript error: http://montypython.50webs.com/scripts/Series_2/menu.js, line 1: SyntaxError: expected expression, got '<'
JavaScript error: http://montypython.50webs.com/scripts/Series_2/menu.js, line 1: SyntaxError: expected expression, got '<'
JavaScript error: http://montypython.50webs.com/scripts/Series_2/menu.js, line 1: SyntaxError: expected expression, got '<'
JavaScript error: http://montypython.50webs.com/scripts/Series_2/menu.js, line 1: SyntaxError: expected expression, got '<'
JavaScript error: http://montypython.50webs.com/scripts/Series_2/menu.js, line 1: SyntaxError: expected expression, got '<'
JavaScript error: http://montypython.50webs.com/scripts/Series_2/menu.js, line 1: SyntaxError: expected expression, got '<'
JavaScript error: http://montypython.50webs.com/scripts/Series_2/menu.js, line 1: SyntaxError: expected expression, got '<'
JavaScript error: http://montypython.50webs.com/scripts/Series_2/menu.js, line 1: SyntaxError: expected expression, got '<'
JavaScript error: http://montypython.50webs.com/scripts/Series_2/menu.js, line 1: SyntaxError: expected expression, got '<'
JavaScript error: http://montypython.50webs.com/scripts/Series_2/menu.js, line 1: SyntaxError: expected expression, got '<'
JavaScript error: http://montypython.50webs.com/scripts/Series_2/menu.js, line 1: SyntaxError: expected expression, got '<'
JavaScript error: http://montypython.50webs.com/scripts/Series_2/menu.js, line 1: SyntaxError: expected expression, got '<'
JavaScript error: http://montypython.50webs.com/scripts/Series_2/menu.js, line 1: SyntaxError: expected expression, got '<'
JavaScript error: http://montypython.50webs.com/scripts/Series_2/menu.js, line 1: SyntaxError: expected expression, got '<'
JavaScript error: http://montypython.50webs.com/scripts/Series_2/menu.js, line 1: SyntaxError: expected expression, got '<'
JavaScript error: http://montypython.50webs.com/scripts/Series_2/menu.js, line 1: SyntaxError: expected expression, got '<'
JavaScript error: http://montypython.50webs.com/scripts/Series_2/menu.js, line 1: SyntaxError: expected expression, got '<'
JavaScript error: http://montypython.50webs.com/scripts/Series_2/menu.js, line 1: SyntaxError: expected expression, got '<'
JavaScript error: http://montypython.50webs.com/scripts/Series_2/menu.js, line 1: SyntaxError: expected expression, got '<'
JavaScript error: http://montypython.50webs.com/scripts/Series_2/menu.js, line 1: SyntaxError: expected expression, got '<'
JavaScript error: http://montypython.50webs.com/scripts/Series_2/menu.js, line 1: SyntaxError: expected expression, got '<'
JavaScript error: http://montypython.50webs.com/scripts/Series_2/menu.js, line 1: SyntaxError: expected expression, got '<'
JavaScript error: http://montypython.50webs.com/scripts/Series_2/menu.js, line 1: SyntaxError: expected expression, got '<'
JavaScript error: http://montypython.50webs.com/scripts/Series_2/menu.js, line 1: SyntaxError: expected expression, got '<'
JavaScript error: http://montypython.50webs.com/scripts/Series_2/menu.js, line 1: SyntaxError: expected expression, got '<'
1608405286208	Marionette	WARN	Ignoring event 'DOMContentLoaded' because document has an invalid readyState of 'complete'.
JavaScript error: http://montypython.50webs.com/scripts/Series_2/menu.js, line 1: SyntaxError: expected expression, got '<'
JavaScript error: http://montypython.50webs.com/scripts/Series_2/menu.js, line 1: SyntaxError: expected expression, got '<'
1608405286694	Marionette	WARN	Ignoring event 'DOMContentLoaded' because document has an invalid readyState of 'complete'.
JavaScript error: http://montypython.50webs.com/scripts/Series_2/menu.js, line 1: SyntaxError: expected expression, got '<'
JavaScript error: http://montypython.50webs.com/scripts/Series_2/menu.js, line 1: SyntaxError: expected expression, got '<'
JavaScript error: http://montypython.50webs.com/scripts/Series_2/menu.js, line 1: SyntaxError: expected expression, got '<'
JavaScript error: http://montypython.50webs.com/scripts/Series_2/menu.js, line 1: SyntaxError: expected expression, got '<'
JavaScript error: http://montypython.50webs.com/scripts/Series_2/menu.js, line 1: SyntaxError: expected expression, got '<'
JavaScript error: http://montypython.50webs.com/scripts/Series_2/menu.js, line 1: SyntaxError: expected expression, got '<'
JavaScript error: http://montypython.50webs.com/scripts/Series_2/menu.js, line 1: SyntaxError: expected expression, got '<'
JavaScript error: http://montypython.50webs.com/scripts/Series_2/menu.js, line 1: SyntaxError: expected expression, got '<'
JavaScript error: http://montypython.50webs.com/scripts/Series_2/menu.js, line 1: SyntaxError: expected expression, got '<'
JavaScript error: http://montypython.50webs.com/scripts/Series_2/menu.js, line 1: SyntaxError: expected expression, got '<'
JavaScript error: http://montypython.50webs.com/scripts/Series_2/menu.js, line 1: SyntaxError: expected expression, got '<'
JavaScript error: http://montypython.50webs.com/scripts/Series_2/menu.js, line 1: SyntaxError: expected expression, got '<'
JavaScript error: http://montypython.50webs.com/scripts/Series_2/menu.js, line 1: SyntaxError: expected expression, got '<'
JavaScript error: http://montypython.50webs.com/scripts/Series_2/menu.js, line 1: SyntaxError: expected expression, got '<'
JavaScript error: http://montypython.50webs.com/scripts/Series_2/menu.js, line 1: SyntaxError: expected expression, got '<'
JavaScript error: http://montypython.50webs.com/scripts/Series_2/menu.js, line 1: SyntaxError: expected expression, got '<'
JavaScript error: http://montypython.50webs.com/scripts/Series_2/menu.js, line 1: SyntaxError: expected expression, got '<'
JavaScript error: http://montypython.50webs.com/scripts/Series_2/menu.js, line 1: SyntaxError: expected expression, got '<'
JavaScript error: http://montypython.50webs.com/scripts/Series_2/menu.js, line 1: SyntaxError: expected expression, got '<'
JavaScript error: http://montypython.50webs.com/scripts/Series_2/menu.js, line 1: SyntaxError: expected expression, got '<'
JavaScript error: http://montypython.50webs.com/scripts/Series_2/menu.js, line 1: SyntaxError: expected expression, got '<'
JavaScript error: http://montypython.50webs.com/scripts/Series_2/menu.js, line 1: SyntaxError: expected expression, got '<'
JavaScript error: http://montypython.50webs.com/scripts/Series_2/menu.js, line 1: SyntaxError: expected expression, got '<'
JavaScript error: http://montypython.50webs.com/scripts/Series_2/menu.js, line 1: SyntaxError: expected expression, got '<'
JavaScript error: http://montypython.50webs.com/scripts/Series_2/menu.js, line 1: SyntaxError: expected expression, got '<'
JavaScript error: http://montypython.50webs.com/scripts/Series_2/menu.js, line 1: SyntaxError: expected expression, got '<'
JavaScript error: http://montypython.50webs.com/scripts/Series_2/menu.js, line 1: SyntaxError: expected expression, got '<'
JavaScript error: http://montypython.50webs.com/scripts/Series_2/menu.js, line 1: SyntaxError: expected expression, got '<'
JavaScript error: http://montypython.50webs.com/scripts/Series_2/menu.js, line 1: SyntaxError: expected expression, got '<'
JavaScript error: http://montypython.50webs.com/scripts/Series_2/menu.js, line 1: SyntaxError: expected expression, got '<'
JavaScript error: http://montypython.50webs.com/scripts/Series_2/menu.js, line 1: SyntaxError: expected expression, got '<'
JavaScript error: http://montypython.50webs.com/scripts/Series_2/menu.js, line 1: SyntaxError: expected expression, got '<'
JavaScript error: http://montypython.50webs.com/scripts/Series_2/menu.js, line 1: SyntaxError: expected expression, got '<'
JavaScript error: http://montypython.50webs.com/scripts/Series_2/menu.js, line 1: SyntaxError: expected expression, got '<'
JavaScript error: http://montypython.50webs.com/scripts/Series_2/menu.js, line 1: SyntaxError: expected expression, got '<'
JavaScript error: http://montypython.50webs.com/scripts/Series_2/menu.js, line 1: SyntaxError: expected expression, got '<'
JavaScript error: http://montypython.50webs.com/scripts/Series_2/menu.js, line 1: SyntaxError: expected expression, got '<'
JavaScript error: http://montypython.50webs.com/scripts/Series_2/menu.js, line 1: SyntaxError: expected expression, got '<'
JavaScript error: http://montypython.50webs.com/scripts/Series_2/menu.js, line 1: SyntaxError: expected expression, got '<'
JavaScript error: http://montypython.50webs.com/scripts/Series_2/menu.js, line 1: SyntaxError: expected expression, got '<'
JavaScript error: http://montypython.50webs.com/menu.js, line 1: SyntaxError: expected expression, got '<'
JavaScript error: http://montypython.50webs.com/scripts/Series_3/menu.js, line 1: SyntaxError: expected expression, got '<'
JavaScript error: http://montypython.50webs.com/scripts/Series_3/menu.js, line 1: SyntaxError: expected expression, got '<'
JavaScript error: http://montypython.50webs.com/scripts/Series_3/menu.js, line 1: SyntaxError: expected expression, got '<'
JavaScript error: http://montypython.50webs.com/scripts/Series_3/menu.js, line 1: SyntaxError: expected expression, got '<'
JavaScript error: http://montypython.50webs.com/scripts/Series_3/menu.js, line 1: SyntaxError: expected expression, got '<'
JavaScript error: http://montypython.50webs.com/scripts/Series_3/menu.js, line 1: SyntaxError: expected expression, got '<'
JavaScript error: http://montypython.50webs.com/scripts/Series_3/menu.js, line 1: SyntaxError: expected expression, got '<'
1608405309620	Marionette	WARN	Ignoring event 'DOMContentLoaded' because document has an invalid readyState of 'complete'.
JavaScript error: http://montypython.50webs.com/scripts/Series_3/menu.js, line 1: SyntaxError: expected expression, got '<'
JavaScript error: http://montypython.50webs.com/scripts/Series_3/menu.js, line 1: SyntaxError: expected expression, got '<'
JavaScript error: http://montypython.50webs.com/scripts/Series_3/menu.js, line 1: SyntaxError: expected expression, got '<'
JavaScript error: http://montypython.50webs.com/scripts/Series_3/menu.js, line 1: SyntaxError: expected expression, got '<'
JavaScript error: http://montypython.50webs.com/scripts/Series_3/menu.js, line 1: SyntaxError: expected expression, got '<'
JavaScript error: http://montypython.50webs.com/scripts/Series_3/menu.js, line 1: SyntaxError: expected expression, got '<'
JavaScript error: http://montypython.50webs.com/scripts/Series_3/menu.js, line 1: SyntaxError: expected expression, got '<'
JavaScript error: http://montypython.50webs.com/scripts/Series_3/menu.js, line 1: SyntaxError: expected expression, got '<'
1608405313872	Marionette	WARN	Ignoring event 'DOMContentLoaded' because document has an invalid readyState of 'complete'.
JavaScript error: http://montypython.50webs.com/scripts/Series_3/menu.js, line 1: SyntaxError: expected expression, got '<'
JavaScript error: http://montypython.50webs.com/scripts/Series_3/menu.js, line 1: SyntaxError: expected expression, got '<'
JavaScript error: http://montypython.50webs.com/scripts/Series_3/menu.js, line 1: SyntaxError: expected expression, got '<'
JavaScript error: http://montypython.50webs.com/scripts/Series_3/menu.js, line 1: SyntaxError: expected expression, got '<'
JavaScript error: http://montypython.50webs.com/scripts/Series_3/menu.js, line 1: SyntaxError: expected expression, got '<'
JavaScript error: http://montypython.50webs.com/scripts/Series_3/menu.js, line 1: SyntaxError: expected expression, got '<'
JavaScript error: http://montypython.50webs.com/scripts/Series_3/menu.js, line 1: SyntaxError: expected expression, got '<'
JavaScript error: http://montypython.50webs.com/scripts/Series_3/menu.js, line 1: SyntaxError: expected expression, got '<'
JavaScript error: http://montypython.50webs.com/scripts/Series_3/menu.js, line 1: SyntaxError: expected expression, got '<'
JavaScript error: http://montypython.50webs.com/scripts/Series_3/menu.js, line 1: SyntaxError: expected expression, got '<'
JavaScript error: http://montypython.50webs.com/scripts/Series_3/menu.js, line 1: SyntaxError: expected expression, got '<'
JavaScript error: http://montypython.50webs.com/scripts/Series_3/menu.js, line 1: SyntaxError: expected expression, got '<'
JavaScript error: http://montypython.50webs.com/scripts/Series_3/menu.js, line 1: SyntaxError: expected expression, got '<'
JavaScript error: http://montypython.50webs.com/scripts/Series_3/menu.js, line 1: SyntaxError: expected expression, got '<'
JavaScript error: http://montypython.50webs.com/scripts/Series_3/menu.js, line 1: SyntaxError: expected expression, got '<'
JavaScript error: http://montypython.50webs.com/scripts/Series_3/menu.js, line 1: SyntaxError: expected expression, got '<'
JavaScript error: http://montypython.50webs.com/scripts/Series_3/menu.js, line 1: SyntaxError: expected expression, got '<'
JavaScript error: http://montypython.50webs.com/scripts/Series_3/menu.js, line 1: SyntaxError: expected expression, got '<'
JavaScript error: http://montypython.50webs.com/scripts/Series_3/menu.js, line 1: SyntaxError: expected expression, got '<'
JavaScript error: http://montypython.50webs.com/scripts/Series_3/menu.js, line 1: SyntaxError: expected expression, got '<'
JavaScript error: http://montypython.50webs.com/scripts/Series_3/menu.js, line 1: SyntaxError: expected expression, got '<'
JavaScript error: http://montypython.50webs.com/scripts/Series_3/menu.js, line 1: SyntaxError: expected expression, got '<'
JavaScript error: http://montypython.50webs.com/scripts/Series_3/menu.js, line 1: SyntaxError: expected expression, got '<'
JavaScript error: http://montypython.50webs.com/scripts/Series_3/menu.js, line 1: SyntaxError: expected expression, got '<'
JavaScript error: http://montypython.50webs.com/scripts/Series_3/menu.js, line 1: SyntaxError: expected expression, got '<'
JavaScript error: http://montypython.50webs.com/scripts/Series_3/menu.js, line 1: SyntaxError: expected expression, got '<'
JavaScript error: http://montypython.50webs.com/scripts/Series_3/menu.js, line 1: SyntaxError: expected expression, got '<'
JavaScript error: http://montypython.50webs.com/scripts/Series_3/menu.js, line 1: SyntaxError: expected expression, got '<'
JavaScript error: http://montypython.50webs.com/scripts/Series_3/menu.js, line 1: SyntaxError: expected expression, got '<'
JavaScript error: http://montypython.50webs.com/scripts/Series_3/menu.js, line 1: SyntaxError: expected expression, got '<'
1608405328333	Marionette	WARN	Ignoring event 'DOMContentLoaded' because document has an invalid readyState of 'complete'.
JavaScript error: http://montypython.50webs.com/scripts/Series_3/menu.js, line 1: SyntaxError: expected expression, got '<'
JavaScript error: http://montypython.50webs.com/scripts/Series_3/menu.js, line 1: SyntaxError: expected expression, got '<'
JavaScript error: http://montypython.50webs.com/scripts/Series_3/menu.js, line 1: SyntaxError: expected expression, got '<'
JavaScript error: http://montypython.50webs.com/scripts/Series_3/menu.js, line 1: SyntaxError: expected expression, got '<'
JavaScript error: http://montypython.50webs.com/scripts/Series_3/menu.js, line 1: SyntaxError: expected expression, got '<'
JavaScript error: http://montypython.50webs.com/scripts/Series_3/menu.js, line 1: SyntaxError: expected expression, got '<'
JavaScript error: http://montypython.50webs.com/scripts/Series_3/menu.js, line 1: SyntaxError: expected expression, got '<'
JavaScript error: http://montypython.50webs.com/scripts/Series_3/menu.js, line 1: SyntaxError: expected expression, got '<'
JavaScript error: http://montypython.50webs.com/scripts/Series_3/menu.js, line 1: SyntaxError: expected expression, got '<'
JavaScript error: http://montypython.50webs.com/scripts/Series_3/menu.js, line 1: SyntaxError: expected expression, got '<'
JavaScript error: http://montypython.50webs.com/scripts/Series_3/menu.js, line 1: SyntaxError: expected expression, got '<'
JavaScript error: http://montypython.50webs.com/scripts/Series_3/menu.js, line 1: SyntaxError: expected expression, got '<'
JavaScript error: http://montypython.50webs.com/scripts/Series_3/menu.js, line 1: SyntaxError: expected expression, got '<'
JavaScript error: http://montypython.50webs.com/scripts/Series_3/menu.js, line 1: SyntaxError: expected expression, got '<'
1608405334371	Marionette	WARN	Ignoring event 'DOMContentLoaded' because document has an invalid readyState of 'complete'.
JavaScript error: http://montypython.50webs.com/scripts/Series_3/menu.js, line 1: SyntaxError: expected expression, got '<'
JavaScript error: http://montypython.50webs.com/scripts/Series_3/menu.js, line 1: SyntaxError: expected expression, got '<'
JavaScript error: http://montypython.50webs.com/scripts/Series_3/menu.js, line 1: SyntaxError: expected expression, got '<'
JavaScript error: http://montypython.50webs.com/scripts/Series_3/menu.js, line 1: SyntaxError: expected expression, got '<'
JavaScript error: http://montypython.50webs.com/scripts/Series_3/menu.js, line 1: SyntaxError: expected expression, got '<'
JavaScript error: http://montypython.50webs.com/scripts/Series_3/menu.js, line 1: SyntaxError: expected expression, got '<'
JavaScript error: http://montypython.50webs.com/scripts/Series_3/menu.js, line 1: SyntaxError: expected expression, got '<'
JavaScript error: http://montypython.50webs.com/scripts/Series_3/menu.js, line 1: SyntaxError: expected expression, got '<'
JavaScript error: http://montypython.50webs.com/scripts/Series_3/menu.js, line 1: SyntaxError: expected expression, got '<'
JavaScript error: http://montypython.50webs.com/scripts/Series_3/menu.js, line 1: SyntaxError: expected expression, got '<'
JavaScript error: http://montypython.50webs.com/scripts/Series_3/menu.js, line 1: SyntaxError: expected expression, got '<'
JavaScript error: http://montypython.50webs.com/scripts/Series_3/menu.js, line 1: SyntaxError: expected expression, got '<'
JavaScript error: http://montypython.50webs.com/scripts/Series_3/menu.js, line 1: SyntaxError: expected expression, got '<'
JavaScript error: http://montypython.50webs.com/scripts/Series_3/menu.js, line 1: SyntaxError: expected expression, got '<'
JavaScript error: http://montypython.50webs.com/scripts/Series_3/menu.js, line 1: SyntaxError: expected expression, got '<'
JavaScript error: http://montypython.50webs.com/scripts/Series_3/menu.js, line 1: SyntaxError: expected expression, got '<'
JavaScript error: http://montypython.50webs.com/scripts/Series_3/menu.js, line 1: SyntaxError: expected expression, got '<'
JavaScript error: http://montypython.50webs.com/scripts/Series_3/menu.js, line 1: SyntaxError: expected expression, got '<'
JavaScript error: http://montypython.50webs.com/scripts/Series_3/menu.js, line 1: SyntaxError: expected expression, got '<'
JavaScript error: http://montypython.50webs.com/scripts/Series_3/menu.js, line 1: SyntaxError: expected expression, got '<'
JavaScript error: http://montypython.50webs.com/scripts/Series_3/menu.js, line 1: SyntaxError: expected expression, got '<'
1608405344487	Marionette	WARN	Ignoring event 'DOMContentLoaded' because document has an invalid readyState of 'complete'.
JavaScript error: http://montypython.50webs.com/scripts/Series_3/menu.js, line 1: SyntaxError: expected expression, got '<'
JavaScript error: http://montypython.50webs.com/scripts/Series_3/menu.js, line 1: SyntaxError: expected expression, got '<'
JavaScript error: http://montypython.50webs.com/scripts/Series_3/menu.js, line 1: SyntaxError: expected expression, got '<'
JavaScript error: http://montypython.50webs.com/scripts/Series_3/menu.js, line 1: SyntaxError: expected expression, got '<'
JavaScript error: http://montypython.50webs.com/scripts/Series_3/menu.js, line 1: SyntaxError: expected expression, got '<'
JavaScript error: http://montypython.50webs.com/scripts/Series_3/menu.js, line 1: SyntaxError: expected expression, got '<'
JavaScript error: http://montypython.50webs.com/scripts/Series_3/menu.js, line 1: SyntaxError: expected expression, got '<'
JavaScript error: http://montypython.50webs.com/scripts/Series_3/menu.js, line 1: SyntaxError: expected expression, got '<'
JavaScript error: http://montypython.50webs.com/scripts/Series_3/menu.js, line 1: SyntaxError: expected expression, got '<'
JavaScript error: http://montypython.50webs.com/scripts/Series_3/menu.js, line 1: SyntaxError: expected expression, got '<'
JavaScript error: http://montypython.50webs.com/scripts/Series_3/menu.js, line 1: SyntaxError: expected expression, got '<'
JavaScript error: http://montypython.50webs.com/scripts/Series_3/menu.js, line 1: SyntaxError: expected expression, got '<'
JavaScript error: http://montypython.50webs.com/scripts/Series_3/menu.js, line 1: SyntaxError: expected expression, got '<'
JavaScript error: http://montypython.50webs.com/scripts/Series_3/menu.js, line 1: SyntaxError: expected expression, got '<'
JavaScript error: http://montypython.50webs.com/scripts/Series_3/menu.js, line 1: SyntaxError: expected expression, got '<'
JavaScript error: http://montypython.50webs.com/scripts/Series_3/menu.js, line 1: SyntaxError: expected expression, got '<'
JavaScript error: http://montypython.50webs.com/scripts/Series_3/menu.js, line 1: SyntaxError: expected expression, got '<'
JavaScript error: http://montypython.50webs.com/scripts/Series_3/menu.js, line 1: SyntaxError: expected expression, got '<'
JavaScript error: http://montypython.50webs.com/scripts/Series_3/menu.js, line 1: SyntaxError: expected expression, got '<'
JavaScript error: http://montypython.50webs.com/scripts/Series_3/menu.js, line 1: SyntaxError: expected expression, got '<'
JavaScript error: http://montypython.50webs.com/scripts/Series_3/menu.js, line 1: SyntaxError: expected expression, got '<'
JavaScript error: http://montypython.50webs.com/scripts/Series_3/menu.js, line 1: SyntaxError: expected expression, got '<'
JavaScript error: http://montypython.50webs.com/scripts/Series_3/menu.js, line 1: SyntaxError: expected expression, got '<'
JavaScript error: http://montypython.50webs.com/scripts/Series_3/menu.js, line 1: SyntaxError: expected expression, got '<'
JavaScript error: http://montypython.50webs.com/scripts/Series_3/menu.js, line 1: SyntaxError: expected expression, got '<'
JavaScript error: http://montypython.50webs.com/scripts/Series_3/menu.js, line 1: SyntaxError: expected expression, got '<'
JavaScript error: http://montypython.50webs.com/scripts/Series_3/menu.js, line 1: SyntaxError: expected expression, got '<'
JavaScript error: http://montypython.50webs.com/scripts/Series_3/menu.js, line 1: SyntaxError: expected expression, got '<'
JavaScript error: http://montypython.50webs.com/scripts/Series_3/menu.js, line 1: SyntaxError: expected expression, got '<'
JavaScript error: http://montypython.50webs.com/scripts/Series_3/menu.js, line 1: SyntaxError: expected expression, got '<'
JavaScript error: http://montypython.50webs.com/scripts/Series_3/menu.js, line 1: SyntaxError: expected expression, got '<'
JavaScript error: http://montypython.50webs.com/scripts/Series_3/menu.js, line 1: SyntaxError: expected expression, got '<'
JavaScript error: http://montypython.50webs.com/scripts/Series_3/menu.js, line 1: SyntaxError: expected expression, got '<'
JavaScript error: http://montypython.50webs.com/scripts/Series_3/menu.js, line 1: SyntaxError: expected expression, got '<'
JavaScript error: http://montypython.50webs.com/scripts/Series_3/menu.js, line 1: SyntaxError: expected expression, got '<'
JavaScript error: http://montypython.50webs.com/scripts/Series_3/menu.js, line 1: SyntaxError: expected expression, got '<'
JavaScript error: http://montypython.50webs.com/scripts/Series_3/menu.js, line 1: SyntaxError: expected expression, got '<'
JavaScript error: http://montypython.50webs.com/scripts/Series_3/menu.js, line 1: SyntaxError: expected expression, got '<'
1608405364248	Marionette	WARN	Ignoring event 'DOMContentLoaded' because document has an invalid readyState of 'complete'.
JavaScript error: http://montypython.50webs.com/scripts/Series_3/menu.js, line 1: SyntaxError: expected expression, got '<'
JavaScript error: http://montypython.50webs.com/scripts/Series_3/menu.js, line 1: SyntaxError: expected expression, got '<'
JavaScript error: http://montypython.50webs.com/scripts/Series_3/menu.js, line 1: SyntaxError: expected expression, got '<'
JavaScript error: http://montypython.50webs.com/menu.js, line 1: SyntaxError: expected expression, got '<'
JavaScript error: http://montypython.50webs.com/scripts/Series_4/menu.js, line 1: SyntaxError: expected expression, got '<'
JavaScript error: http://montypython.50webs.com/scripts/Series_4/menu.js, line 1: SyntaxError: expected expression, got '<'
JavaScript error: http://montypython.50webs.com/scripts/Series_4/menu.js, line 1: SyntaxError: expected expression, got '<'
1608405367211	Marionette	WARN	Ignoring event 'DOMContentLoaded' because document has an invalid readyState of 'complete'.
JavaScript error: http://montypython.50webs.com/scripts/Series_4/menu.js, line 1: SyntaxError: expected expression, got '<'
JavaScript error: http://montypython.50webs.com/scripts/Series_4/menu.js, line 1: SyntaxError: expected expression, got '<'
JavaScript error: http://montypython.50webs.com/scripts/Series_4/menu.js, line 1: SyntaxError: expected expression, got '<'
JavaScript error: http://montypython.50webs.com/scripts/Series_4/menu.js, line 1: SyntaxError: expected expression, got '<'
JavaScript error: http://montypython.50webs.com/scripts/Series_4/menu.js, line 1: SyntaxError: expected expression, got '<'
JavaScript error: http://montypython.50webs.com/scripts/Series_4/menu.js, line 1: SyntaxError: expected expression, got '<'
JavaScript error: http://montypython.50webs.com/scripts/Series_4/menu.js, line 1: SyntaxError: expected expression, got '<'
JavaScript error: http://montypython.50webs.com/scripts/Series_4/menu.js, line 1: SyntaxError: expected expression, got '<'
JavaScript error: http://montypython.50webs.com/scripts/Series_4/menu.js, line 1: SyntaxError: expected expression, got '<'
JavaScript error: http://montypython.50webs.com/scripts/Series_4/menu.js, line 1: SyntaxError: expected expression, got '<'
JavaScript error: http://montypython.50webs.com/scripts/Series_4/menu.js, line 1: SyntaxError: expected expression, got '<'
JavaScript error: http://montypython.50webs.com/scripts/Series_4/menu.js, line 1: SyntaxError: expected expression, got '<'
JavaScript error: http://montypython.50webs.com/scripts/Series_4/menu.js, line 1: SyntaxError: expected expression, got '<'
JavaScript error: http://montypython.50webs.com/scripts/Series_4/menu.js, line 1: SyntaxError: expected expression, got '<'
JavaScript error: http://montypython.50webs.com/scripts/Series_4/menu.js, line 1: SyntaxError: expected expression, got '<'
JavaScript error: http://montypython.50webs.com/scripts/Series_4/menu.js, line 1: SyntaxError: expected expression, got '<'
JavaScript error: http://montypython.50webs.com/scripts/Series_4/menu.js, line 1: SyntaxError: expected expression, got '<'
JavaScript error: http://montypython.50webs.com/scripts/Series_4/menu.js, line 1: SyntaxError: expected expression, got '<'
JavaScript error: http://montypython.50webs.com/scripts/Series_4/menu.js, line 1: SyntaxError: expected expression, got '<'
JavaScript error: http://montypython.50webs.com/scripts/Series_4/menu.js, line 1: SyntaxError: expected expression, got '<'
JavaScript error: http://montypython.50webs.com/scripts/Series_4/menu.js, line 1: SyntaxError: expected expression, got '<'
JavaScript error: http://montypython.50webs.com/scripts/Series_4/menu.js, line 1: SyntaxError: expected expression, got '<'
JavaScript error: http://montypython.50webs.com/scripts/Series_4/menu.js, line 1: SyntaxError: expected expression, got '<'
JavaScript error: http://montypython.50webs.com/scripts/Series_4/menu.js, line 1: SyntaxError: expected expression, got '<'
JavaScript error: http://montypython.50webs.com/scripts/Series_4/menu.js, line 1: SyntaxError: expected expression, got '<'
JavaScript error: http://montypython.50webs.com/scripts/Series_4/menu.js, line 1: SyntaxError: expected expression, got '<'
JavaScript error: http://montypython.50webs.com/scripts/Series_4/menu.js, line 1: SyntaxError: expected expression, got '<'
JavaScript error: http://montypython.50webs.com/scripts/Series_4/menu.js, line 1: SyntaxError: expected expression, got '<'
JavaScript error: http://montypython.50webs.com/scripts/Series_4/menu.js, line 1: SyntaxError: expected expression, got '<'
JavaScript error: http://montypython.50webs.com/scripts/Series_4/menu.js, line 1: SyntaxError: expected expression, got '<'
JavaScript error: http://montypython.50webs.com/scripts/Series_4/menu.js, line 1: SyntaxError: expected expression, got '<'
JavaScript error: http://montypython.50webs.com/scripts/Series_4/menu.js, line 1: SyntaxError: expected expression, got '<'
JavaScript error: http://montypython.50webs.com/scripts/Series_4/menu.js, line 1: SyntaxError: expected expression, got '<'
JavaScript error: http://montypython.50webs.com/scripts/Series_4/menu.js, line 1: SyntaxError: expected expression, got '<'
JavaScript error: http://montypython.50webs.com/scripts/Series_4/menu.js, line 1: SyntaxError: expected expression, got '<'
JavaScript error: http://montypython.50webs.com/scripts/Series_4/menu.js, line 1: SyntaxError: expected expression, got '<'
JavaScript error: http://montypython.50webs.com/scripts/Series_4/menu.js, line 1: SyntaxError: expected expression, got '<'
JavaScript error: http://montypython.50webs.com/scripts/Series_4/menu.js, line 1: SyntaxError: expected expression, got '<'
1608405385746	Marionette	WARN	Ignoring event 'DOMContentLoaded' because document has an invalid readyState of 'complete'.
JavaScript error: http://montypython.50webs.com/scripts/Series_4/menu.js, line 1: SyntaxError: expected expression, got '<'
JavaScript error: http://montypython.50webs.com/scripts/Series_4/menu.js, line 1: SyntaxError: expected expression, got '<'
JavaScript error: http://montypython.50webs.com/scripts/Series_4/menu.js, line 1: SyntaxError: expected expression, got '<'
1608405387141	Marionette	WARN	Ignoring event 'DOMContentLoaded' because document has an invalid readyState of 'complete'.
JavaScript error: http://montypython.50webs.com/scripts/Series_4/menu.js, line 1: SyntaxError: expected expression, got '<'
JavaScript error: http://montypython.50webs.com/scripts/Series_4/menu.js, line 1: SyntaxError: expected expression, got '<'
JavaScript error: http://montypython.50webs.com/scripts/Series_4/menu.js, line 1: SyntaxError: expected expression, got '<'
JavaScript error: http://montypython.50webs.com/scripts/Series_4/menu.js, line 1: SyntaxError: expected expression, got '<'
JavaScript error: http://montypython.50webs.com/scripts/Series_4/menu.js, line 1: SyntaxError: expected expression, got '<'
JavaScript error: http://montypython.50webs.com/scripts/Series_4/menu.js, line 1: SyntaxError: expected expression, got '<'
JavaScript error: http://montypython.50webs.com/scripts/Series_4/menu.js, line 1: SyntaxError: expected expression, got '<'
JavaScript error: http://montypython.50webs.com/scripts/Series_4/menu.js, line 1: SyntaxError: expected expression, got '<'
JavaScript error: http://montypython.50webs.com/scripts/Series_4/menu.js, line 1: SyntaxError: expected expression, got '<'
1608405391850	Marionette	INFO	Stopped listening on port 34507
